<?xml version="1.0" encoding="UTF-8"?>
<!-- Generated by org.testng.reporters.JUnitXMLReporter -->
<testsuite ignored="0" hostname="LAPTOP-NH2OS09M" failures="0" tests="3" name="Car Name and Price Test" time="0.068" errors="0" timestamp="2022-02-24T14:43:03 IST">
  <testcase classname="com.hcl.TestCase.CarNameAndPriceTest" name="carNameAndPrice" time="0.0">
    <skipped/>
  </testcase> <!-- carNameAndPrice -->
  <testcase classname="com.hcl.TestCase.CarNameAndPriceTest" name="carNameAndPrice" time="0.0">
    <skipped/>
  </testcase> <!-- carNameAndPrice -->
  <testcase classname="com.hcl.TestCase.CarNameAndPriceTest" name="carNameAndPrice" time="0.0">
    <skipped/>
  </testcase> <!-- carNameAndPrice -->
</testsuite> <!-- Car Name and Price Test -->
