<?xml version="1.0" encoding="UTF-8"?>
<!-- Generated by org.testng.reporters.JUnitXMLReporter -->
<testsuite ignored="0" hostname="LAPTOP-NH2OS09M" failures="1" tests="3" name="Register Account" time="51.199" errors="0" timestamp="2022-03-18T19:21:19 IST">
  <testcase classname="com.hcl.TestCase.CreateAccountTest" name="createaccount" time="37.914">
    <skipped/>
  </testcase> <!-- createaccount -->
  <testcase classname="com.hcl.TestCase.CreateAccountTest" name="createaccount" time="0.082">
    <skipped/>
  </testcase> <!-- createaccount -->
  <testcase classname="com.hcl.TestCase.CreateAccountTest" name="createaccount" time="0.025">
    <failure type="java.lang.AssertionError" message="Login Page Title is not Matched expected [My Store] but found [Login - My Store]">
      <![CDATA[java.lang.AssertionError: Login Page Title is not Matched expected [My Store] but found [Login - My Store]
at com.hcl.TestCase.CreateAccountTest.createaccount(CreateAccountTest.java:45)
at java.base/java.util.concurrent.ThreadPoolExecutor.runWorker(ThreadPoolExecutor.java:1128)
at java.base/java.util.concurrent.ThreadPoolExecutor$Worker.run(ThreadPoolExecutor.java:628)
at java.base/java.lang.Thread.run(Thread.java:834)
... Removed 17 stack frames]]>
    </failure>
  </testcase> <!-- createaccount -->
</testsuite> <!-- Register Account -->
