<?xml version="1.0" encoding="UTF-8"?>
<!-- Generated by org.testng.reporters.JUnitXMLReporter -->
<testsuite ignored="0" hostname="LAPTOP-NH2OS09M" failures="1" tests="1" name="Login to Account" time="0.471" errors="0" timestamp="2022-03-17T21:18:31 IST">
  <testcase classname="com.hcl.TestCase.LoginPageTest" name="logintest" time="0.047">
    <failure type="java.lang.AssertionError" message="Login Page Title is not Matched expected [My account - My Store] but found [My Store]">
      <![CDATA[java.lang.AssertionError: Login Page Title is not Matched expected [My account - My Store] but found [My Store]
at com.hcl.TestCase.LoginPageTest.logintest(LoginPageTest.java:57)
at java.base/java.util.concurrent.ThreadPoolExecutor.runWorker(ThreadPoolExecutor.java:1128)
at java.base/java.util.concurrent.ThreadPoolExecutor$Worker.run(ThreadPoolExecutor.java:628)
at java.base/java.lang.Thread.run(Thread.java:834)
... Removed 17 stack frames]]>
    </failure>
  </testcase> <!-- logintest -->
</testsuite> <!-- Login to Account -->
